E:\MoneyProject\BMWGameCode\BMWProject\proj.win32\Debug.win32\BMWProject.lib
E:\MoneyProject\BMWGameCode\BMWProject\proj.win32\Debug.win32\BMWProject.exp
E:\MONEYPROJECT\BMWGAMECODE\BMWPROJECT\PROJ.WIN32\DEBUG.WIN32\VC110.PDB
E:\MONEYPROJECT\BMWGAMECODE\BMWPROJECT\PROJ.WIN32\DEBUG.WIN32\CSVDATA.OBJ
E:\MONEYPROJECT\BMWGAMECODE\BMWPROJECT\PROJ.WIN32\DEBUG.WIN32\STRINGUTIL.OBJ
E:\MONEYPROJECT\BMWGAMECODE\BMWPROJECT\PROJ.WIN32\DEBUG.WIN32\APPDELEGATE.OBJ
E:\MONEYPROJECT\BMWGAMECODE\BMWPROJECT\PROJ.WIN32\DEBUG.WIN32\HELLOWORLDSCENE.OBJ
E:\MONEYPROJECT\BMWGAMECODE\BMWPROJECT\PROJ.WIN32\DEBUG.WIN32\CSVUTIL.OBJ
E:\MONEYPROJECT\BMWGAMECODE\BMWPROJECT\PROJ.WIN32\DEBUG.WIN32\C_MONSTER.OBJ
E:\MONEYPROJECT\BMWGAMECODE\BMWPROJECT\PROJ.WIN32\DEBUG.WIN32\MAINSCENE.OBJ
E:\MONEYPROJECT\BMWGAMECODE\BMWPROJECT\PROJ.WIN32\DEBUG.WIN32\CUSTOMROOTNODE.OBJ
E:\MONEYPROJECT\BMWGAMECODE\BMWPROJECT\PROJ.WIN32\DEBUG.WIN32\CUSTOMROOTNODEREADER.OBJ
E:\MONEYPROJECT\BMWGAMECODE\BMWPROJECT\PROJ.WIN32\DEBUG.WIN32\MAINMENUUIREADER.OBJ
E:\MONEYPROJECT\BMWGAMECODE\BMWPROJECT\PROJ.WIN32\DEBUG.WIN32\MAINMENUUI.OBJ
E:\MONEYPROJECT\BMWGAMECODE\BMWPROJECT\PROJ.WIN32\DEBUG.WIN32\UTIL.OBJ
E:\MONEYPROJECT\BMWGAMECODE\BMWPROJECT\PROJ.WIN32\DEBUG.WIN32\CRUSHNODE.OBJ
E:\MONEYPROJECT\BMWGAMECODE\BMWPROJECT\PROJ.WIN32\DEBUG.WIN32\BMWPROJECT.ILK
E:\MONEYPROJECT\BMWGAMECODE\BMWPROJECT\PROJ.WIN32\DEBUG.WIN32\BMWPROJECT.EXE
E:\MONEYPROJECT\BMWGAMECODE\BMWPROJECT\PROJ.WIN32\DEBUG.WIN32\BMWPROJECT.PDB
E:\MONEYPROJECT\BMWGAMECODE\BMWPROJECT\PROJ.WIN32\DEBUG.WIN32\GAME.RES
E:\MoneyProject\BMWGameCode\BMWProject\proj.win32\Debug.win32\AppDelegate.obj
E:\MoneyProject\BMWGameCode\BMWProject\proj.win32\Debug.win32\CrushNode.obj
E:\MoneyProject\BMWGameCode\BMWProject\proj.win32\Debug.win32\CsvData.obj
E:\MoneyProject\BMWGameCode\BMWProject\proj.win32\Debug.win32\CsvUtil.obj
E:\MoneyProject\BMWGameCode\BMWProject\proj.win32\Debug.win32\CustomRootNode.obj
E:\MoneyProject\BMWGameCode\BMWProject\proj.win32\Debug.win32\CustomRootNodeReader.obj
E:\MoneyProject\BMWGameCode\BMWProject\proj.win32\Debug.win32\c_monster.obj
E:\MoneyProject\BMWGameCode\BMWProject\proj.win32\Debug.win32\HelloWorldScene.obj
E:\MoneyProject\BMWGameCode\BMWProject\proj.win32\Debug.win32\main.obj
E:\MoneyProject\BMWGameCode\BMWProject\proj.win32\Debug.win32\MainMenuUI.obj
E:\MoneyProject\BMWGameCode\BMWProject\proj.win32\Debug.win32\MainMenuUIReader.obj
E:\MoneyProject\BMWGameCode\BMWProject\proj.win32\Debug.win32\MainScene.obj
E:\MoneyProject\BMWGameCode\BMWProject\proj.win32\Debug.win32\StringUtil.obj
E:\MoneyProject\BMWGameCode\BMWProject\proj.win32\Debug.win32\Util.obj
E:\MoneyProject\BMWGameCode\BMWProject\proj.win32\Debug.win32\BMWProject.ilk
E:\MoneyProject\BMWGameCode\BMWProject\proj.win32\Debug.win32\BMWProject.write.1.tlog
E:\MoneyProject\BMWGameCode\BMWProject\proj.win32\Debug.win32\CL.11016.read.1.tlog
E:\MoneyProject\BMWGameCode\BMWProject\proj.win32\Debug.win32\CL.11016.write.1.tlog
E:\MoneyProject\BMWGameCode\BMWProject\proj.win32\Debug.win32\CL.12584.read.1.tlog
E:\MoneyProject\BMWGameCode\BMWProject\proj.win32\Debug.win32\CL.12584.write.1.tlog
E:\MoneyProject\BMWGameCode\BMWProject\proj.win32\Debug.win32\CL.13932.read.1.tlog
E:\MoneyProject\BMWGameCode\BMWProject\proj.win32\Debug.win32\CL.13932.write.1.tlog
E:\MoneyProject\BMWGameCode\BMWProject\proj.win32\Debug.win32\CL.14108.read.1.tlog
E:\MoneyProject\BMWGameCode\BMWProject\proj.win32\Debug.win32\CL.14108.write.1.tlog
E:\MoneyProject\BMWGameCode\BMWProject\proj.win32\Debug.win32\CL.16216.read.1.tlog
E:\MoneyProject\BMWGameCode\BMWProject\proj.win32\Debug.win32\CL.16216.write.1.tlog
E:\MoneyProject\BMWGameCode\BMWProject\proj.win32\Debug.win32\CL.16420.read.1.tlog
E:\MoneyProject\BMWGameCode\BMWProject\proj.win32\Debug.win32\CL.16420.write.1.tlog
E:\MoneyProject\BMWGameCode\BMWProject\proj.win32\Debug.win32\CL.17868.read.1.tlog
E:\MoneyProject\BMWGameCode\BMWProject\proj.win32\Debug.win32\CL.17868.write.1.tlog
E:\MoneyProject\BMWGameCode\BMWProject\proj.win32\Debug.win32\CL.18616.read.1.tlog
E:\MoneyProject\BMWGameCode\BMWProject\proj.win32\Debug.win32\CL.18616.write.1.tlog
E:\MoneyProject\BMWGameCode\BMWProject\proj.win32\Debug.win32\CL.19348.read.1.tlog
E:\MoneyProject\BMWGameCode\BMWProject\proj.win32\Debug.win32\CL.19348.write.1.tlog
E:\MoneyProject\BMWGameCode\BMWProject\proj.win32\Debug.win32\CL.19408.read.1.tlog
E:\MoneyProject\BMWGameCode\BMWProject\proj.win32\Debug.win32\CL.19408.write.1.tlog
E:\MoneyProject\BMWGameCode\BMWProject\proj.win32\Debug.win32\CL.19904.read.1.tlog
E:\MoneyProject\BMWGameCode\BMWProject\proj.win32\Debug.win32\CL.19904.write.1.tlog
E:\MoneyProject\BMWGameCode\BMWProject\proj.win32\Debug.win32\CL.20360.read.1.tlog
E:\MoneyProject\BMWGameCode\BMWProject\proj.win32\Debug.win32\CL.20360.write.1.tlog
E:\MoneyProject\BMWGameCode\BMWProject\proj.win32\Debug.win32\CL.21260.read.1.tlog
E:\MoneyProject\BMWGameCode\BMWProject\proj.win32\Debug.win32\CL.21260.write.1.tlog
E:\MoneyProject\BMWGameCode\BMWProject\proj.win32\Debug.win32\CL.21312.read.1.tlog
E:\MoneyProject\BMWGameCode\BMWProject\proj.win32\Debug.win32\CL.21312.write.1.tlog
E:\MoneyProject\BMWGameCode\BMWProject\proj.win32\Debug.win32\CL.21564.read.1.tlog
E:\MoneyProject\BMWGameCode\BMWProject\proj.win32\Debug.win32\CL.21564.write.1.tlog
E:\MoneyProject\BMWGameCode\BMWProject\proj.win32\Debug.win32\CL.21864.read.1.tlog
E:\MoneyProject\BMWGameCode\BMWProject\proj.win32\Debug.win32\CL.21864.write.1.tlog
E:\MoneyProject\BMWGameCode\BMWProject\proj.win32\Debug.win32\CL.22896.read.1.tlog
E:\MoneyProject\BMWGameCode\BMWProject\proj.win32\Debug.win32\CL.22896.write.1.tlog
E:\MoneyProject\BMWGameCode\BMWProject\proj.win32\Debug.win32\CL.22916.read.1.tlog
E:\MoneyProject\BMWGameCode\BMWProject\proj.win32\Debug.win32\CL.22916.write.1.tlog
E:\MoneyProject\BMWGameCode\BMWProject\proj.win32\Debug.win32\CL.2464.read.1.tlog
E:\MoneyProject\BMWGameCode\BMWProject\proj.win32\Debug.win32\CL.2464.write.1.tlog
E:\MoneyProject\BMWGameCode\BMWProject\proj.win32\Debug.win32\CL.24676.read.1.tlog
E:\MoneyProject\BMWGameCode\BMWProject\proj.win32\Debug.win32\CL.24676.write.1.tlog
E:\MoneyProject\BMWGameCode\BMWProject\proj.win32\Debug.win32\CL.24772.read.1.tlog
E:\MoneyProject\BMWGameCode\BMWProject\proj.win32\Debug.win32\CL.24772.write.1.tlog
E:\MoneyProject\BMWGameCode\BMWProject\proj.win32\Debug.win32\CL.25776.read.1.tlog
E:\MoneyProject\BMWGameCode\BMWProject\proj.win32\Debug.win32\CL.25776.write.1.tlog
E:\MoneyProject\BMWGameCode\BMWProject\proj.win32\Debug.win32\CL.25920.read.1.tlog
E:\MoneyProject\BMWGameCode\BMWProject\proj.win32\Debug.win32\CL.25920.write.1.tlog
E:\MoneyProject\BMWGameCode\BMWProject\proj.win32\Debug.win32\CL.25956.read.1.tlog
E:\MoneyProject\BMWGameCode\BMWProject\proj.win32\Debug.win32\CL.25956.write.1.tlog
E:\MoneyProject\BMWGameCode\BMWProject\proj.win32\Debug.win32\CL.26124.read.1.tlog
E:\MoneyProject\BMWGameCode\BMWProject\proj.win32\Debug.win32\CL.26124.write.1.tlog
E:\MoneyProject\BMWGameCode\BMWProject\proj.win32\Debug.win32\CL.26464.read.1.tlog
E:\MoneyProject\BMWGameCode\BMWProject\proj.win32\Debug.win32\CL.26464.write.1.tlog
E:\MoneyProject\BMWGameCode\BMWProject\proj.win32\Debug.win32\CL.26536.read.1.tlog
E:\MoneyProject\BMWGameCode\BMWProject\proj.win32\Debug.win32\CL.26536.write.1.tlog
E:\MoneyProject\BMWGameCode\BMWProject\proj.win32\Debug.win32\CL.27172.read.1.tlog
E:\MoneyProject\BMWGameCode\BMWProject\proj.win32\Debug.win32\CL.27172.write.1.tlog
E:\MoneyProject\BMWGameCode\BMWProject\proj.win32\Debug.win32\CL.27360.read.1.tlog
E:\MoneyProject\BMWGameCode\BMWProject\proj.win32\Debug.win32\CL.27360.write.1.tlog
E:\MoneyProject\BMWGameCode\BMWProject\proj.win32\Debug.win32\CL.29868.read.1.tlog
E:\MoneyProject\BMWGameCode\BMWProject\proj.win32\Debug.win32\CL.29868.write.1.tlog
E:\MoneyProject\BMWGameCode\BMWProject\proj.win32\Debug.win32\CL.29880.read.1.tlog
E:\MoneyProject\BMWGameCode\BMWProject\proj.win32\Debug.win32\CL.29880.write.1.tlog
E:\MoneyProject\BMWGameCode\BMWProject\proj.win32\Debug.win32\CL.30316.read.1.tlog
E:\MoneyProject\BMWGameCode\BMWProject\proj.win32\Debug.win32\CL.30316.write.1.tlog
E:\MoneyProject\BMWGameCode\BMWProject\proj.win32\Debug.win32\CL.30332.read.1.tlog
E:\MoneyProject\BMWGameCode\BMWProject\proj.win32\Debug.win32\CL.30332.write.1.tlog
E:\MoneyProject\BMWGameCode\BMWProject\proj.win32\Debug.win32\CL.30592.read.1.tlog
E:\MoneyProject\BMWGameCode\BMWProject\proj.win32\Debug.win32\CL.30592.write.1.tlog
E:\MoneyProject\BMWGameCode\BMWProject\proj.win32\Debug.win32\CL.31508.read.1.tlog
E:\MoneyProject\BMWGameCode\BMWProject\proj.win32\Debug.win32\CL.31508.write.1.tlog
E:\MoneyProject\BMWGameCode\BMWProject\proj.win32\Debug.win32\CL.32760.read.1.tlog
E:\MoneyProject\BMWGameCode\BMWProject\proj.win32\Debug.win32\CL.32760.write.1.tlog
E:\MoneyProject\BMWGameCode\BMWProject\proj.win32\Debug.win32\CL.32860.read.1.tlog
E:\MoneyProject\BMWGameCode\BMWProject\proj.win32\Debug.win32\CL.32860.write.1.tlog
E:\MoneyProject\BMWGameCode\BMWProject\proj.win32\Debug.win32\CL.32960.read.1.tlog
E:\MoneyProject\BMWGameCode\BMWProject\proj.win32\Debug.win32\CL.32960.write.1.tlog
E:\MoneyProject\BMWGameCode\BMWProject\proj.win32\Debug.win32\CL.33952.read.1.tlog
E:\MoneyProject\BMWGameCode\BMWProject\proj.win32\Debug.win32\CL.33952.write.1.tlog
E:\MoneyProject\BMWGameCode\BMWProject\proj.win32\Debug.win32\CL.35148.read.1.tlog
E:\MoneyProject\BMWGameCode\BMWProject\proj.win32\Debug.win32\CL.35148.write.1.tlog
E:\MoneyProject\BMWGameCode\BMWProject\proj.win32\Debug.win32\CL.35280.read.1.tlog
E:\MoneyProject\BMWGameCode\BMWProject\proj.win32\Debug.win32\CL.35280.write.1.tlog
E:\MoneyProject\BMWGameCode\BMWProject\proj.win32\Debug.win32\CL.35436.read.1.tlog
E:\MoneyProject\BMWGameCode\BMWProject\proj.win32\Debug.win32\CL.35436.write.1.tlog
E:\MoneyProject\BMWGameCode\BMWProject\proj.win32\Debug.win32\CL.36340.read.1.tlog
E:\MoneyProject\BMWGameCode\BMWProject\proj.win32\Debug.win32\CL.36340.write.1.tlog
E:\MoneyProject\BMWGameCode\BMWProject\proj.win32\Debug.win32\CL.36852.read.1.tlog
E:\MoneyProject\BMWGameCode\BMWProject\proj.win32\Debug.win32\CL.36852.write.1.tlog
E:\MoneyProject\BMWGameCode\BMWProject\proj.win32\Debug.win32\CL.37208.read.1.tlog
E:\MoneyProject\BMWGameCode\BMWProject\proj.win32\Debug.win32\CL.37208.write.1.tlog
E:\MoneyProject\BMWGameCode\BMWProject\proj.win32\Debug.win32\CL.37388.read.1.tlog
E:\MoneyProject\BMWGameCode\BMWProject\proj.win32\Debug.win32\CL.37388.write.1.tlog
E:\MoneyProject\BMWGameCode\BMWProject\proj.win32\Debug.win32\CL.37484.read.1.tlog
E:\MoneyProject\BMWGameCode\BMWProject\proj.win32\Debug.win32\CL.37484.write.1.tlog
E:\MoneyProject\BMWGameCode\BMWProject\proj.win32\Debug.win32\CL.38452.read.1.tlog
E:\MoneyProject\BMWGameCode\BMWProject\proj.win32\Debug.win32\CL.38452.write.1.tlog
E:\MoneyProject\BMWGameCode\BMWProject\proj.win32\Debug.win32\CL.38508.read.1.tlog
E:\MoneyProject\BMWGameCode\BMWProject\proj.win32\Debug.win32\CL.38508.write.1.tlog
E:\MoneyProject\BMWGameCode\BMWProject\proj.win32\Debug.win32\CL.38592.read.1.tlog
E:\MoneyProject\BMWGameCode\BMWProject\proj.win32\Debug.win32\CL.38592.write.1.tlog
E:\MoneyProject\BMWGameCode\BMWProject\proj.win32\Debug.win32\CL.38840.read.1.tlog
E:\MoneyProject\BMWGameCode\BMWProject\proj.win32\Debug.win32\CL.38840.write.1.tlog
E:\MoneyProject\BMWGameCode\BMWProject\proj.win32\Debug.win32\CL.39792.read.1.tlog
E:\MoneyProject\BMWGameCode\BMWProject\proj.win32\Debug.win32\CL.39792.write.1.tlog
E:\MoneyProject\BMWGameCode\BMWProject\proj.win32\Debug.win32\CL.40852.read.1.tlog
E:\MoneyProject\BMWGameCode\BMWProject\proj.win32\Debug.win32\CL.40852.write.1.tlog
E:\MoneyProject\BMWGameCode\BMWProject\proj.win32\Debug.win32\CL.42316.read.1.tlog
E:\MoneyProject\BMWGameCode\BMWProject\proj.win32\Debug.win32\CL.42316.write.1.tlog
E:\MoneyProject\BMWGameCode\BMWProject\proj.win32\Debug.win32\CL.42748.read.1.tlog
E:\MoneyProject\BMWGameCode\BMWProject\proj.win32\Debug.win32\CL.42748.write.1.tlog
E:\MoneyProject\BMWGameCode\BMWProject\proj.win32\Debug.win32\CL.42840.read.1.tlog
E:\MoneyProject\BMWGameCode\BMWProject\proj.win32\Debug.win32\CL.42840.write.1.tlog
E:\MoneyProject\BMWGameCode\BMWProject\proj.win32\Debug.win32\CL.42912.read.1.tlog
E:\MoneyProject\BMWGameCode\BMWProject\proj.win32\Debug.win32\CL.42912.write.1.tlog
E:\MoneyProject\BMWGameCode\BMWProject\proj.win32\Debug.win32\CL.43252.read.1.tlog
E:\MoneyProject\BMWGameCode\BMWProject\proj.win32\Debug.win32\CL.43252.write.1.tlog
E:\MoneyProject\BMWGameCode\BMWProject\proj.win32\Debug.win32\CL.43352.read.1.tlog
E:\MoneyProject\BMWGameCode\BMWProject\proj.win32\Debug.win32\CL.43352.write.1.tlog
E:\MoneyProject\BMWGameCode\BMWProject\proj.win32\Debug.win32\CL.43460.read.1.tlog
E:\MoneyProject\BMWGameCode\BMWProject\proj.win32\Debug.win32\CL.43460.write.1.tlog
E:\MoneyProject\BMWGameCode\BMWProject\proj.win32\Debug.win32\CL.43760.read.1.tlog
E:\MoneyProject\BMWGameCode\BMWProject\proj.win32\Debug.win32\CL.43760.write.1.tlog
E:\MoneyProject\BMWGameCode\BMWProject\proj.win32\Debug.win32\CL.44260.read.1.tlog
E:\MoneyProject\BMWGameCode\BMWProject\proj.win32\Debug.win32\CL.44260.write.1.tlog
E:\MoneyProject\BMWGameCode\BMWProject\proj.win32\Debug.win32\CL.44264.read.1.tlog
E:\MoneyProject\BMWGameCode\BMWProject\proj.win32\Debug.win32\CL.44264.write.1.tlog
E:\MoneyProject\BMWGameCode\BMWProject\proj.win32\Debug.win32\CL.44708.read.1.tlog
E:\MoneyProject\BMWGameCode\BMWProject\proj.win32\Debug.win32\CL.44708.write.1.tlog
E:\MoneyProject\BMWGameCode\BMWProject\proj.win32\Debug.win32\CL.46364.read.1.tlog
E:\MoneyProject\BMWGameCode\BMWProject\proj.win32\Debug.win32\CL.46364.write.1.tlog
E:\MoneyProject\BMWGameCode\BMWProject\proj.win32\Debug.win32\CL.47156.read.1.tlog
E:\MoneyProject\BMWGameCode\BMWProject\proj.win32\Debug.win32\CL.47156.write.1.tlog
E:\MoneyProject\BMWGameCode\BMWProject\proj.win32\Debug.win32\CL.47604.read.1.tlog
E:\MoneyProject\BMWGameCode\BMWProject\proj.win32\Debug.win32\CL.47604.write.1.tlog
E:\MoneyProject\BMWGameCode\BMWProject\proj.win32\Debug.win32\CL.48084.read.1.tlog
E:\MoneyProject\BMWGameCode\BMWProject\proj.win32\Debug.win32\CL.48084.write.1.tlog
E:\MoneyProject\BMWGameCode\BMWProject\proj.win32\Debug.win32\CL.48480.read.1.tlog
E:\MoneyProject\BMWGameCode\BMWProject\proj.win32\Debug.win32\CL.48480.write.1.tlog
E:\MoneyProject\BMWGameCode\BMWProject\proj.win32\Debug.win32\CL.48576.read.1.tlog
E:\MoneyProject\BMWGameCode\BMWProject\proj.win32\Debug.win32\CL.48576.write.1.tlog
E:\MoneyProject\BMWGameCode\BMWProject\proj.win32\Debug.win32\CL.49376.read.1.tlog
E:\MoneyProject\BMWGameCode\BMWProject\proj.win32\Debug.win32\CL.49376.write.1.tlog
E:\MoneyProject\BMWGameCode\BMWProject\proj.win32\Debug.win32\CL.50500.read.1.tlog
E:\MoneyProject\BMWGameCode\BMWProject\proj.win32\Debug.win32\CL.50500.write.1.tlog
E:\MoneyProject\BMWGameCode\BMWProject\proj.win32\Debug.win32\CL.51036.read.1.tlog
E:\MoneyProject\BMWGameCode\BMWProject\proj.win32\Debug.win32\CL.51036.write.1.tlog
E:\MoneyProject\BMWGameCode\BMWProject\proj.win32\Debug.win32\CL.52084.read.1.tlog
E:\MoneyProject\BMWGameCode\BMWProject\proj.win32\Debug.win32\CL.52084.write.1.tlog
E:\MoneyProject\BMWGameCode\BMWProject\proj.win32\Debug.win32\CL.52484.read.1.tlog
E:\MoneyProject\BMWGameCode\BMWProject\proj.win32\Debug.win32\CL.52484.write.1.tlog
E:\MoneyProject\BMWGameCode\BMWProject\proj.win32\Debug.win32\CL.52744.read.1.tlog
E:\MoneyProject\BMWGameCode\BMWProject\proj.win32\Debug.win32\CL.52744.write.1.tlog
E:\MoneyProject\BMWGameCode\BMWProject\proj.win32\Debug.win32\CL.53152.read.1.tlog
E:\MoneyProject\BMWGameCode\BMWProject\proj.win32\Debug.win32\CL.53152.write.1.tlog
E:\MoneyProject\BMWGameCode\BMWProject\proj.win32\Debug.win32\CL.5820.read.1.tlog
E:\MoneyProject\BMWGameCode\BMWProject\proj.win32\Debug.win32\CL.5820.write.1.tlog
E:\MoneyProject\BMWGameCode\BMWProject\proj.win32\Debug.win32\CL.6532.read.1.tlog
E:\MoneyProject\BMWGameCode\BMWProject\proj.win32\Debug.win32\CL.6532.write.1.tlog
E:\MoneyProject\BMWGameCode\BMWProject\proj.win32\Debug.win32\CL.8264.read.1.tlog
E:\MoneyProject\BMWGameCode\BMWProject\proj.win32\Debug.win32\CL.8264.write.1.tlog
E:\MoneyProject\BMWGameCode\BMWProject\proj.win32\Debug.win32\CL.9072.read.1.tlog
E:\MoneyProject\BMWGameCode\BMWProject\proj.win32\Debug.win32\CL.9072.write.1.tlog
E:\MoneyProject\BMWGameCode\BMWProject\proj.win32\Debug.win32\cl.command.1.tlog
E:\MoneyProject\BMWGameCode\BMWProject\proj.win32\Debug.win32\CL.read.1.tlog
E:\MoneyProject\BMWGameCode\BMWProject\proj.win32\Debug.win32\cl.write.1.tlog
E:\MoneyProject\BMWGameCode\BMWProject\proj.win32\Debug.win32\link-cvtres.read.1.tlog
E:\MoneyProject\BMWGameCode\BMWProject\proj.win32\Debug.win32\link-cvtres.write.1.tlog
E:\MoneyProject\BMWGameCode\BMWProject\proj.win32\Debug.win32\link-rc.read.1.tlog
E:\MoneyProject\BMWGameCode\BMWProject\proj.win32\Debug.win32\link-rc.write.1.tlog
E:\MoneyProject\BMWGameCode\BMWProject\proj.win32\Debug.win32\link.16864-cvtres.read.1.tlog
E:\MoneyProject\BMWGameCode\BMWProject\proj.win32\Debug.win32\link.16864-cvtres.write.1.tlog
E:\MoneyProject\BMWGameCode\BMWProject\proj.win32\Debug.win32\link.16864-rc.read.1.tlog
E:\MoneyProject\BMWGameCode\BMWProject\proj.win32\Debug.win32\link.16864-rc.write.1.tlog
E:\MoneyProject\BMWGameCode\BMWProject\proj.win32\Debug.win32\link.16864.read.1.tlog
E:\MoneyProject\BMWGameCode\BMWProject\proj.win32\Debug.win32\link.16864.write.1.tlog
E:\MoneyProject\BMWGameCode\BMWProject\proj.win32\Debug.win32\link.20192-cvtres.read.1.tlog
E:\MoneyProject\BMWGameCode\BMWProject\proj.win32\Debug.win32\link.20192-cvtres.write.1.tlog
E:\MoneyProject\BMWGameCode\BMWProject\proj.win32\Debug.win32\link.20192-rc.read.1.tlog
E:\MoneyProject\BMWGameCode\BMWProject\proj.win32\Debug.win32\link.20192-rc.write.1.tlog
E:\MoneyProject\BMWGameCode\BMWProject\proj.win32\Debug.win32\link.20192.read.1.tlog
E:\MoneyProject\BMWGameCode\BMWProject\proj.win32\Debug.win32\link.20192.write.1.tlog
E:\MoneyProject\BMWGameCode\BMWProject\proj.win32\Debug.win32\link.23656-cvtres.read.1.tlog
E:\MoneyProject\BMWGameCode\BMWProject\proj.win32\Debug.win32\link.23656-cvtres.write.1.tlog
E:\MoneyProject\BMWGameCode\BMWProject\proj.win32\Debug.win32\link.23656-rc.read.1.tlog
E:\MoneyProject\BMWGameCode\BMWProject\proj.win32\Debug.win32\link.23656-rc.write.1.tlog
E:\MoneyProject\BMWGameCode\BMWProject\proj.win32\Debug.win32\link.23656.read.1.tlog
E:\MoneyProject\BMWGameCode\BMWProject\proj.win32\Debug.win32\link.23656.write.1.tlog
E:\MoneyProject\BMWGameCode\BMWProject\proj.win32\Debug.win32\link.23888-cvtres.read.1.tlog
E:\MoneyProject\BMWGameCode\BMWProject\proj.win32\Debug.win32\link.23888-cvtres.write.1.tlog
E:\MoneyProject\BMWGameCode\BMWProject\proj.win32\Debug.win32\link.23888-rc.read.1.tlog
E:\MoneyProject\BMWGameCode\BMWProject\proj.win32\Debug.win32\link.23888-rc.write.1.tlog
E:\MoneyProject\BMWGameCode\BMWProject\proj.win32\Debug.win32\link.23888.read.1.tlog
E:\MoneyProject\BMWGameCode\BMWProject\proj.win32\Debug.win32\link.23888.write.1.tlog
E:\MoneyProject\BMWGameCode\BMWProject\proj.win32\Debug.win32\link.24804-cvtres.read.1.tlog
E:\MoneyProject\BMWGameCode\BMWProject\proj.win32\Debug.win32\link.24804-cvtres.write.1.tlog
E:\MoneyProject\BMWGameCode\BMWProject\proj.win32\Debug.win32\link.24804-rc.read.1.tlog
E:\MoneyProject\BMWGameCode\BMWProject\proj.win32\Debug.win32\link.24804-rc.write.1.tlog
E:\MoneyProject\BMWGameCode\BMWProject\proj.win32\Debug.win32\link.24804.read.1.tlog
E:\MoneyProject\BMWGameCode\BMWProject\proj.win32\Debug.win32\link.24804.write.1.tlog
E:\MoneyProject\BMWGameCode\BMWProject\proj.win32\Debug.win32\link.34452-cvtres.read.1.tlog
E:\MoneyProject\BMWGameCode\BMWProject\proj.win32\Debug.win32\link.34452-cvtres.write.1.tlog
E:\MoneyProject\BMWGameCode\BMWProject\proj.win32\Debug.win32\link.34452-rc.read.1.tlog
E:\MoneyProject\BMWGameCode\BMWProject\proj.win32\Debug.win32\link.34452-rc.write.1.tlog
E:\MoneyProject\BMWGameCode\BMWProject\proj.win32\Debug.win32\link.34452.read.1.tlog
E:\MoneyProject\BMWGameCode\BMWProject\proj.win32\Debug.win32\link.34452.write.1.tlog
E:\MoneyProject\BMWGameCode\BMWProject\proj.win32\Debug.win32\link.35788-cvtres.read.1.tlog
E:\MoneyProject\BMWGameCode\BMWProject\proj.win32\Debug.win32\link.35788-cvtres.write.1.tlog
E:\MoneyProject\BMWGameCode\BMWProject\proj.win32\Debug.win32\link.35788-rc.read.1.tlog
E:\MoneyProject\BMWGameCode\BMWProject\proj.win32\Debug.win32\link.35788-rc.write.1.tlog
E:\MoneyProject\BMWGameCode\BMWProject\proj.win32\Debug.win32\link.35788.read.1.tlog
E:\MoneyProject\BMWGameCode\BMWProject\proj.win32\Debug.win32\link.35788.write.1.tlog
E:\MoneyProject\BMWGameCode\BMWProject\proj.win32\Debug.win32\link.37644-cvtres.read.1.tlog
E:\MoneyProject\BMWGameCode\BMWProject\proj.win32\Debug.win32\link.37644-cvtres.write.1.tlog
E:\MoneyProject\BMWGameCode\BMWProject\proj.win32\Debug.win32\link.37644-rc.read.1.tlog
E:\MoneyProject\BMWGameCode\BMWProject\proj.win32\Debug.win32\link.37644-rc.write.1.tlog
E:\MoneyProject\BMWGameCode\BMWProject\proj.win32\Debug.win32\link.37644.read.1.tlog
E:\MoneyProject\BMWGameCode\BMWProject\proj.win32\Debug.win32\link.37644.write.1.tlog
E:\MoneyProject\BMWGameCode\BMWProject\proj.win32\Debug.win32\link.42384-cvtres.read.1.tlog
E:\MoneyProject\BMWGameCode\BMWProject\proj.win32\Debug.win32\link.42384-cvtres.write.1.tlog
E:\MoneyProject\BMWGameCode\BMWProject\proj.win32\Debug.win32\link.42384-rc.read.1.tlog
E:\MoneyProject\BMWGameCode\BMWProject\proj.win32\Debug.win32\link.42384-rc.write.1.tlog
E:\MoneyProject\BMWGameCode\BMWProject\proj.win32\Debug.win32\link.42384.read.1.tlog
E:\MoneyProject\BMWGameCode\BMWProject\proj.win32\Debug.win32\link.42384.write.1.tlog
E:\MoneyProject\BMWGameCode\BMWProject\proj.win32\Debug.win32\link.4404-cvtres.read.1.tlog
E:\MoneyProject\BMWGameCode\BMWProject\proj.win32\Debug.win32\link.4404-cvtres.write.1.tlog
E:\MoneyProject\BMWGameCode\BMWProject\proj.win32\Debug.win32\link.4404-rc.read.1.tlog
E:\MoneyProject\BMWGameCode\BMWProject\proj.win32\Debug.win32\link.4404-rc.write.1.tlog
E:\MoneyProject\BMWGameCode\BMWProject\proj.win32\Debug.win32\link.4404.read.1.tlog
E:\MoneyProject\BMWGameCode\BMWProject\proj.win32\Debug.win32\link.4404.write.1.tlog
E:\MoneyProject\BMWGameCode\BMWProject\proj.win32\Debug.win32\link.44316-cvtres.read.1.tlog
E:\MoneyProject\BMWGameCode\BMWProject\proj.win32\Debug.win32\link.44316-cvtres.write.1.tlog
E:\MoneyProject\BMWGameCode\BMWProject\proj.win32\Debug.win32\link.44316-rc.read.1.tlog
E:\MoneyProject\BMWGameCode\BMWProject\proj.win32\Debug.win32\link.44316-rc.write.1.tlog
E:\MoneyProject\BMWGameCode\BMWProject\proj.win32\Debug.win32\link.44316.read.1.tlog
E:\MoneyProject\BMWGameCode\BMWProject\proj.win32\Debug.win32\link.44316.write.1.tlog
E:\MoneyProject\BMWGameCode\BMWProject\proj.win32\Debug.win32\link.45624-cvtres.read.1.tlog
E:\MoneyProject\BMWGameCode\BMWProject\proj.win32\Debug.win32\link.45624-cvtres.write.1.tlog
E:\MoneyProject\BMWGameCode\BMWProject\proj.win32\Debug.win32\link.45624-rc.read.1.tlog
E:\MoneyProject\BMWGameCode\BMWProject\proj.win32\Debug.win32\link.45624-rc.write.1.tlog
E:\MoneyProject\BMWGameCode\BMWProject\proj.win32\Debug.win32\link.45624.read.1.tlog
E:\MoneyProject\BMWGameCode\BMWProject\proj.win32\Debug.win32\link.45624.write.1.tlog
E:\MoneyProject\BMWGameCode\BMWProject\proj.win32\Debug.win32\link.50332-cvtres.read.1.tlog
E:\MoneyProject\BMWGameCode\BMWProject\proj.win32\Debug.win32\link.50332-cvtres.write.1.tlog
E:\MoneyProject\BMWGameCode\BMWProject\proj.win32\Debug.win32\link.50332-rc.read.1.tlog
E:\MoneyProject\BMWGameCode\BMWProject\proj.win32\Debug.win32\link.50332-rc.write.1.tlog
E:\MoneyProject\BMWGameCode\BMWProject\proj.win32\Debug.win32\link.50332.read.1.tlog
E:\MoneyProject\BMWGameCode\BMWProject\proj.win32\Debug.win32\link.50332.write.1.tlog
E:\MoneyProject\BMWGameCode\BMWProject\proj.win32\Debug.win32\link.5512-cvtres.read.1.tlog
E:\MoneyProject\BMWGameCode\BMWProject\proj.win32\Debug.win32\link.5512-cvtres.write.1.tlog
E:\MoneyProject\BMWGameCode\BMWProject\proj.win32\Debug.win32\link.5512-rc.read.1.tlog
E:\MoneyProject\BMWGameCode\BMWProject\proj.win32\Debug.win32\link.5512-rc.write.1.tlog
E:\MoneyProject\BMWGameCode\BMWProject\proj.win32\Debug.win32\link.5512.read.1.tlog
E:\MoneyProject\BMWGameCode\BMWProject\proj.win32\Debug.win32\link.5512.write.1.tlog
E:\MoneyProject\BMWGameCode\BMWProject\proj.win32\Debug.win32\link.6532-cvtres.read.1.tlog
E:\MoneyProject\BMWGameCode\BMWProject\proj.win32\Debug.win32\link.6532-cvtres.write.1.tlog
E:\MoneyProject\BMWGameCode\BMWProject\proj.win32\Debug.win32\link.6532-rc.read.1.tlog
E:\MoneyProject\BMWGameCode\BMWProject\proj.win32\Debug.win32\link.6532-rc.write.1.tlog
E:\MoneyProject\BMWGameCode\BMWProject\proj.win32\Debug.win32\link.6532.read.1.tlog
E:\MoneyProject\BMWGameCode\BMWProject\proj.win32\Debug.win32\link.6532.write.1.tlog
E:\MoneyProject\BMWGameCode\BMWProject\proj.win32\Debug.win32\link.command.1.tlog
E:\MoneyProject\BMWGameCode\BMWProject\proj.win32\Debug.win32\link.read.1.tlog
E:\MoneyProject\BMWGameCode\BMWProject\proj.win32\Debug.win32\link.write.1.tlog
E:\MoneyProject\BMWGameCode\BMWProject\proj.win32\Debug.win32\rc.command.1.tlog
E:\MoneyProject\BMWGameCode\BMWProject\proj.win32\Debug.win32\rc.read.1.tlog
E:\MoneyProject\BMWGameCode\BMWProject\proj.win32\Debug.win32\rc.write.1.tlog
E:\MoneyProject\BMWGameCode\BMWProject\proj.win32\Debug.win32\game.res
E:\MoneyProject\BMWGameCode\BMWProject\proj.win32\Debug.win32\vc110.idb
E:\MoneyProject\BMWGameCode\BMWProject\proj.win32\Debug.win32\vc110_ib_1.idb
E:\MoneyProject\BMWGameCode\BMWProject\proj.win32\Debug.win32\BMWProject.pdb
E:\MoneyProject\BMWGameCode\BMWProject\proj.win32\Debug.win32\vc110.pdb
E:\MoneyProject\BMWGameCode\BMWProject\proj.win32\Debug.win32\vc110_ib_1.pdb
E:\MoneyProject\BMWGameCode\BMWProject\proj.win32\Debug.win32\BMWProject.exe
