生成启动时间为 2016/3/3 9:18:48。
     1>项目“E:\MoneyProject\BMWGameCode\BMWProject\proj.win32\BMWProject.vcxproj”在节点 2 上(Build 个目标)。
     1>ClCompile:
         D:\Program Files (x86)\Microsoft Visual Studio 11.0\VC\bin\CL.exe /c /I"D:\Cocos\frameworks\cocos2d-x-3.6\cocos\audio\include" /I"D:\Cocos\frameworks\cocos2d-x-3.6\external" /I"D:\Cocos\frameworks\cocos2d-x-3.6\external\chipmunk\include\chipmunk" /I"D:\Cocos\frameworks\cocos2d-x-3.6\extensions" /I..\Classes /I.. /I"D:\Cocos\frameworks\cocos2d-x-3.6\cocos\2d\..\..\cocos\editor-support" /I"D:\Cocos\frameworks\cocos2d-x-3.6\cocos\2d\..\..\cocos" /I"D:\Cocos\frameworks\cocos2d-x-3.6\cocos\2d\..\..\cocos\platform" /I"D:\Cocos\frameworks\cocos2d-x-3.6\cocos\2d\..\..\cocos\platform\desktop" /I"D:\Cocos\frameworks\cocos2d-x-3.6\cocos\2d\..\..\external\glfw3\include\win32" /I"D:\Cocos\frameworks\cocos2d-x-3.6\cocos\2d\..\..\external\win32-specific\gles\include\OGLES" /I"D:\Cocos\frameworks\cocos2d-x-3.6\cocos\2d\..\..\external\freetype2\include\win32\freetype2" /I"D:\Cocos\frameworks\cocos2d-x-3.6\cocos\2d\..\..\external\freetype2\include\win32\\" /ZI /nologo /W3 /WX- /MP /Od /Oy- /D WIN32 /D _WINDOWS /D _USE_MATH_DEFINES /D GL_GLEXT_PROTOTYPES /D CC_ENABLE_CHIPMUNK_INTEGRATION=1 /D COCOS2D_DEBUG=1 /D _CRT_SECURE_NO_WARNINGS /D _SCL_SECURE_NO_WARNINGS /D _VARIADIC_MAX=10 /D _UNICODE /D UNICODE /Gm- /EHsc /RTC1 /MD /GS /fp:precise /Zc:wchar_t /Zc:forScope /Fo"Debug.win32\\" /Fd"Debug.win32\vc110.pdb" /Gd /TP /wd4267 /wd4251 /wd4244 /analyze- /errorReport:prompt ..\Classes\CrushGrid.cpp ..\Classes\CrushNode.cpp ..\Classes\MainScene.cpp
         CrushGrid.cpp
         CrushNode.cpp
         MainScene.cpp
     1>e:\moneyproject\bmwgamecode\bmwproject\classes\crushnode.cpp(42): warning C4996: 'cocos2d::TextureCache::getInstance': 被声明为已否决
                 d:\cocos\frameworks\cocos2d-x-3.6\cocos\renderer\cctexturecache.h(68) : 参见“cocos2d::TextureCache::getInstance”的声明
     1>e:\moneyproject\bmwgamecode\bmwproject\classes\crushnode.cpp(59): warning C4305: “参数”: 从“double”到“float”截断
     1>e:\moneyproject\bmwgamecode\bmwproject\classes\crushnode.cpp(95): warning C4996: 'cocos2d::Node::setZOrder': 被声明为已否决
                 d:\cocos\frameworks\cocos2d-x-3.6\cocos\2d\ccnode.h(158) : 参见“cocos2d::Node::setZOrder”的声明
                 d:\cocos\frameworks\cocos2d-x-3.6\cocos\2d\ccnode.h(158) : 参见“cocos2d::Node::setZOrder”的声明
     1>e:\moneyproject\bmwgamecode\bmwproject\classes\crushgrid.cpp(308): warning C4305: “参数”: 从“double”到“float”截断
     1>e:\moneyproject\bmwgamecode\bmwproject\classes\crushgrid.cpp(505): warning C4305: “参数”: 从“double”到“float”截断
     1>e:\moneyproject\bmwgamecode\bmwproject\classes\crushgrid.cpp(525): warning C4305: “参数”: 从“double”到“float”截断
     1>e:\moneyproject\bmwgamecode\bmwproject\classes\mainscene.cpp(49): warning C4996: 'cocos2d::TextureCache::getInstance': 被声明为已否决
                 d:\cocos\frameworks\cocos2d-x-3.6\cocos\renderer\cctexturecache.h(68) : 参见“cocos2d::TextureCache::getInstance”的声明
     1>e:\moneyproject\bmwgamecode\bmwproject\classes\mainscene.cpp(50): warning C4996: 'cocos2d::TextureCache::getInstance': 被声明为已否决
                 d:\cocos\frameworks\cocos2d-x-3.6\cocos\renderer\cctexturecache.h(68) : 参见“cocos2d::TextureCache::getInstance”的声明
     1>e:\moneyproject\bmwgamecode\bmwproject\classes\mainscene.cpp(51): warning C4996: 'cocos2d::TextureCache::getInstance': 被声明为已否决
                 d:\cocos\frameworks\cocos2d-x-3.6\cocos\renderer\cctexturecache.h(68) : 参见“cocos2d::TextureCache::getInstance”的声明
     1>e:\moneyproject\bmwgamecode\bmwproject\classes\mainscene.cpp(52): warning C4996: 'cocos2d::TextureCache::getInstance': 被声明为已否决
                 d:\cocos\frameworks\cocos2d-x-3.6\cocos\renderer\cctexturecache.h(68) : 参见“cocos2d::TextureCache::getInstance”的声明
     1>e:\moneyproject\bmwgamecode\bmwproject\classes\mainscene.cpp(53): warning C4996: 'cocos2d::TextureCache::getInstance': 被声明为已否决
                 d:\cocos\frameworks\cocos2d-x-3.6\cocos\renderer\cctexturecache.h(68) : 参见“cocos2d::TextureCache::getInstance”的声明
     1>e:\moneyproject\bmwgamecode\bmwproject\classes\mainscene.cpp(57): warning C4996: 'cocos2d::TextureCache::getInstance': 被声明为已否决
                 d:\cocos\frameworks\cocos2d-x-3.6\cocos\renderer\cctexturecache.h(68) : 参见“cocos2d::TextureCache::getInstance”的声明
     1>e:\moneyproject\bmwgamecode\bmwproject\classes\mainscene.cpp(58): warning C4996: 'cocos2d::TextureCache::getInstance': 被声明为已否决
                 d:\cocos\frameworks\cocos2d-x-3.6\cocos\renderer\cctexturecache.h(68) : 参见“cocos2d::TextureCache::getInstance”的声明
     1>e:\moneyproject\bmwgamecode\bmwproject\classes\mainscene.cpp(59): warning C4996: 'cocos2d::TextureCache::getInstance': 被声明为已否决
                 d:\cocos\frameworks\cocos2d-x-3.6\cocos\renderer\cctexturecache.h(68) : 参见“cocos2d::TextureCache::getInstance”的声明
     1>e:\moneyproject\bmwgamecode\bmwproject\classes\mainscene.cpp(60): warning C4996: 'cocos2d::TextureCache::getInstance': 被声明为已否决
                 d:\cocos\frameworks\cocos2d-x-3.6\cocos\renderer\cctexturecache.h(68) : 参见“cocos2d::TextureCache::getInstance”的声明
     1>e:\moneyproject\bmwgamecode\bmwproject\classes\mainscene.cpp(61): warning C4996: 'cocos2d::TextureCache::getInstance': 被声明为已否决
                 d:\cocos\frameworks\cocos2d-x-3.6\cocos\renderer\cctexturecache.h(68) : 参见“cocos2d::TextureCache::getInstance”的声明
     1>e:\moneyproject\bmwgamecode\bmwproject\classes\mainscene.cpp(64): warning C4996: 'cocos2d::TextureCache::getInstance': 被声明为已否决
                 d:\cocos\frameworks\cocos2d-x-3.6\cocos\renderer\cctexturecache.h(68) : 参见“cocos2d::TextureCache::getInstance”的声明
     1>e:\moneyproject\bmwgamecode\bmwproject\classes\mainscene.cpp(66): warning C4996: 'cocos2d::TextureCache::getInstance': 被声明为已否决
                 d:\cocos\frameworks\cocos2d-x-3.6\cocos\renderer\cctexturecache.h(68) : 参见“cocos2d::TextureCache::getInstance”的声明
     1>e:\moneyproject\bmwgamecode\bmwproject\classes\mainscene.cpp(67): warning C4996: 'cocos2d::TextureCache::getInstance': 被声明为已否决
                 d:\cocos\frameworks\cocos2d-x-3.6\cocos\renderer\cctexturecache.h(68) : 参见“cocos2d::TextureCache::getInstance”的声明
       PreLinkEvent:
         if not exist "E:\MoneyProject\BMWGameCode\BMWProject\proj.win32\Debug.win32\" mkdir "E:\MoneyProject\BMWGameCode\BMWProject\proj.win32\Debug.win32\"
         xcopy /Y /Q "D:\Cocos\frameworks\cocos2d-x-3.6\prebuilt\win32\*.*" "E:\MoneyProject\BMWGameCode\BMWProject\proj.win32\Debug.win32\"
         xcopy "E:\MoneyProject\BMWGameCode\BMWProject\proj.win32\..\Resources" "E:\MoneyProject\BMWGameCode\BMWProject\proj.win32\Debug.win32\" /D /E /I /F /Y
         
         :VCEnd
         复制了 53 个文件
         复制了 0 个文件
       Link:
         D:\Program Files (x86)\Microsoft Visual Studio 11.0\VC\bin\link.exe /ERRORREPORT:PROMPT /OUT:"E:\MoneyProject\BMWGameCode\BMWProject\proj.win32\Debug.win32\BMWProject.exe" /INCREMENTAL /NOLOGO /LIBPATH:E:\MoneyProject\BMWGameCode\BMWProject\proj.win32\Debug.win32\ /LIBPATH:E:\MoneyProject\BMWGameCode\BMWProject\proj.win32\Debug.win32\ opengl32.lib glew32.lib libzlib.lib libpng.lib libjpeg.lib libtiff.lib libwebp.lib libiconv.lib glfw3.lib freetype250.lib winmm.lib ws2_32.lib libchipmunk.lib kernel32.lib user32.lib gdi32.lib winspool.lib comdlg32.lib advapi32.lib shell32.lib ole32.lib oleaut32.lib uuid.lib odbc32.lib odbccp32.lib /MANIFEST /MANIFESTUAC:"level='asInvoker' uiAccess='false'" /manifest:embed /DEBUG /PDB:"E:\MoneyProject\BMWGameCode\BMWProject\proj.win32\Debug.win32\BMWProject.pdb" /SUBSYSTEM:WINDOWS /TLBID:1 /DYNAMICBASE /NXCOMPAT /IMPLIB:"E:\MoneyProject\BMWGameCode\BMWProject\proj.win32\Debug.win32\BMWProject.lib" /MACHINE:X86 /SAFESEH Debug.win32\game.res
         Debug.win32\AppDelegate.obj
         Debug.win32\CrushGameScene.obj
         Debug.win32\CrushGrid.obj
         Debug.win32\CsvData.obj
         Debug.win32\CsvUtil.obj
         Debug.win32\c_monster.obj
         Debug.win32\StringUtil.obj
         Debug.win32\Game.obj
         Debug.win32\HelloWorldScene.obj
         Debug.win32\MainMenuUI.obj
         Debug.win32\MainScene.obj
         Debug.win32\Util.obj
         Debug.win32\CrushNode.obj
         Debug.win32\main.obj
         BMWProject.vcxproj -> E:\MoneyProject\BMWGameCode\BMWProject\proj.win32\Debug.win32\BMWProject.exe
     1>已完成生成项目“E:\MoneyProject\BMWGameCode\BMWProject\proj.win32\BMWProject.vcxproj”(Build 个目标)的操作。

生成成功。

已用时间 00:00:31.31
